[2019-06-02 22:15:19.496] [exthost] [info] extension host started
[2019-06-02 22:15:19.553] [exthost] [info] ExtensionService#_doActivateExtension vscode.debug-auto-launch {"startup":true,"activationEvent":"*"}
[2019-06-02 22:15:19.554] [exthost] [info] ExtensionService#loadCommonJSModule c:\Users\RupChetan\.codemix\engine\resources\app\extensions\debug-auto-launch\dist\extension
[2019-06-02 22:15:19.657] [exthost] [info] ExtensionService#_doActivateExtension vscode.emmet {"startup":true,"activationEvent":"*"}
[2019-06-02 22:15:19.657] [exthost] [info] ExtensionService#loadCommonJSModule c:\Users\RupChetan\.codemix\engine\resources\app\extensions\emmet\dist\extension
[2019-06-02 22:15:19.794] [exthost] [info] ExtensionService#_doActivateExtension vscode.merge-conflict {"startup":true,"activationEvent":"*"}
[2019-06-02 22:15:19.794] [exthost] [info] ExtensionService#loadCommonJSModule c:\Users\RupChetan\.codemix\engine\resources\app\extensions\merge-conflict\dist\extension
[2019-06-02 22:15:21.433] [exthost] [info] ExtensionService#_doActivateExtension christian-kohler.path-intellisense {"startup":true,"activationEvent":"*"}
[2019-06-02 22:15:21.433] [exthost] [info] ExtensionService#loadCommonJSModule C:\Users\RupChetan\.codemix\extensions\christian-kohler.path-intellisense-1.4.2\out\src\extension
[2019-06-02 22:15:21.917] [exthost] [info] ExtensionService#_doActivateExtension dbaeumer.vscode-eslint {"startup":true,"activationEvent":"*"}
[2019-06-02 22:15:21.917] [exthost] [info] ExtensionService#loadCommonJSModule C:\Users\RupChetan\.codemix\extensions\dbaeumer.vscode-eslint-1.8.2\client\out\extension
[2019-06-02 22:15:22.122] [exthost] [info] ExtensionService#_doActivateExtension formulahendry.auto-close-tag {"startup":true,"activationEvent":"*"}
[2019-06-02 22:15:22.122] [exthost] [info] ExtensionService#loadCommonJSModule C:\Users\RupChetan\.codemix\extensions\formulahendry.auto-close-tag-0.5.6\out\src\extension
[2019-06-02 22:15:22.227] [exthost] [info] ExtensionService#_doActivateExtension formulahendry.auto-rename-tag {"startup":true,"activationEvent":"*"}
[2019-06-02 22:15:22.227] [exthost] [info] ExtensionService#loadCommonJSModule C:\Users\RupChetan\.codemix\extensions\formulahendry.auto-rename-tag-0.0.15\out\src\extension
[2019-06-02 22:15:22.375] [exthost] [info] ExtensionService#_doActivateExtension vscode.configuration-editing {"startup":false,"activationEvent":"onLanguage:jsonc"}
[2019-06-02 22:15:22.375] [exthost] [info] ExtensionService#loadCommonJSModule c:\Users\RupChetan\.codemix\engine\resources\app\extensions\configuration-editing\dist\extension
[2019-06-02 22:15:22.523] [exthost] [info] ExtensionService#_doActivateExtension vscode.json-language-features {"startup":false,"activationEvent":"onLanguage:jsonc"}
[2019-06-02 22:15:22.523] [exthost] [info] ExtensionService#loadCommonJSModule c:\Users\RupChetan\.codemix\engine\resources\app\extensions\json-language-features\client\dist\jsonMain
[2019-06-02 22:15:22.993] [exthost] [info] ExtensionService#_doActivateExtension vscode.typescript-language-features {"startup":false,"activationEvent":"onLanguage:jsonc"}
[2019-06-02 22:15:22.993] [exthost] [info] ExtensionService#loadCommonJSModule c:\Users\RupChetan\.codemix\engine\resources\app\extensions\typescript-language-features\dist\extension
[2019-06-02 22:15:23.455] [exthost] [info] ExtensionService#_doActivateExtension vscode.grunt {"startup":false,"activationEvent":"onCommand:workbench.action.tasks.runTask"}
[2019-06-02 22:15:23.455] [exthost] [info] ExtensionService#loadCommonJSModule c:\Users\RupChetan\.codemix\engine\resources\app\extensions\grunt\dist\main
[2019-06-02 22:15:23.634] [exthost] [info] ExtensionService#_doActivateExtension vscode.gulp {"startup":false,"activationEvent":"onCommand:workbench.action.tasks.runTask"}
[2019-06-02 22:15:23.634] [exthost] [info] ExtensionService#loadCommonJSModule c:\Users\RupChetan\.codemix\engine\resources\app\extensions\gulp\dist\main
[2019-06-02 22:15:23.703] [exthost] [info] ExtensionService#_doActivateExtension vscode.jake {"startup":false,"activationEvent":"onCommand:workbench.action.tasks.runTask"}
[2019-06-02 22:15:23.703] [exthost] [info] ExtensionService#loadCommonJSModule c:\Users\RupChetan\.codemix\engine\resources\app\extensions\jake\dist\main
[2019-06-02 22:15:24.143] [exthost] [info] ExtensionService#_doActivateExtension vscode.npm {"startup":false,"activationEvent":"onCommand:workbench.action.tasks.runTask"}
[2019-06-02 22:15:24.143] [exthost] [info] ExtensionService#loadCommonJSModule c:\Users\RupChetan\.codemix\engine\resources\app\extensions\npm\dist\main
[2019-06-02 22:15:24.326] [exthost] [info] eager extensions activated
